This is TeX, Version 3.14159 (Web2C 7.4.5) (format=latex 2005.1.25)  25 MAY 2005 15:49
**main
(./main.tex
LaTeX2e <2001/06/01>
Babel <v3.7h> and hyphenation patterns for american, french, german, ngerman, n
ohyphenation, loaded.
(/usr/share/texmf/tex/latex/amscls/amsart.cls
Document Class: amsart 2000/10/26 v2.08
\linespacing=\dimen102
\normalparindent=\dimen103
\normaltopskip=\skip41
(/usr/share/texmf/tex/latex/amsmath/amsmath.sty
Package: amsmath 2000/07/18 v2.13 AMS math features
\@mathmargin=\skip42

For additional information on amsmath, use the `?' option.
(/usr/share/texmf/tex/latex/amsmath/amstext.sty
Package: amstext 2000/06/29 v2.01

(/usr/share/texmf/tex/latex/amsmath/amsgen.sty
File: amsgen.sty 1999/11/30 v2.0
\@emptytoks=\toks14
\ex@=\dimen104
))
(/usr/share/texmf/tex/latex/amsmath/amsbsy.sty
Package: amsbsy 1999/11/29 v1.2d
\pmbraise@=\dimen105
)
(/usr/share/texmf/tex/latex/amsmath/amsopn.sty
Package: amsopn 1999/12/14 v2.01 operator names
)
\inf@bad=\count79
LaTeX Info: Redefining \frac on input line 211.
\uproot@=\count80
\leftroot@=\count81
LaTeX Info: Redefining \overline on input line 307.
\classnum@=\count82
\DOTSCASE@=\count83
LaTeX Info: Redefining \ldots on input line 379.
LaTeX Info: Redefining \dots on input line 382.
LaTeX Info: Redefining \cdots on input line 467.
\Mathstrutbox@=\box26
\strutbox@=\box27
\big@size=\dimen106
LaTeX Font Info:    Redeclaring font encoding OML on input line 567.
LaTeX Font Info:    Redeclaring font encoding OMS on input line 568.
\macc@depth=\count84
\c@MaxMatrixCols=\count85
\dotsspace@=\muskip10
\c@parentequation=\count86
\dspbrk@lvl=\count87
\tag@help=\toks15
\row@=\count88
\column@=\count89
\maxfields@=\count90
\andhelp@=\toks16
\eqnshift@=\dimen107
\alignsep@=\dimen108
\tagshift@=\dimen109
\tagwidth@=\dimen110
\totwidth@=\dimen111
\lineht@=\dimen112
\@envbody=\toks17
\multlinegap=\skip43
\multlinetaggap=\skip44
\mathdisplay@stack=\toks18
LaTeX Info: Redefining \[ on input line 2666.
LaTeX Info: Redefining \] on input line 2667.
)
LaTeX Font Info:    Try loading font information for U+msa on input line 395.

(/usr/share/texmf/tex/latex/amsfonts/umsa.fd
File: umsa.fd 2002/01/19 v2.2g AMS font definitions
)
(/usr/share/texmf/tex/latex/amsfonts/amsfonts.sty
Package: amsfonts 2001/10/25 v2.2f
\symAMSa=\mathgroup4
\symAMSb=\mathgroup5
LaTeX Font Info:    Overwriting math alphabet `\mathfrak' in version `bold'
(Font)                  U/euf/m/n --> U/euf/b/n on input line 132.
)
\copyins=\insert233
\abstractbox=\box28
\listisep=\skip45
\c@part=\count91
\c@section=\count92
\c@subsection=\count93
\c@subsubsection=\count94
\c@paragraph=\count95
\c@subparagraph=\count96
\c@figure=\count97
\c@table=\count98
\abovecaptionskip=\skip46
\belowcaptionskip=\skip47
\captionindent=\dimen113
\thm@style=\toks19
\thm@bodyfont=\toks20
\thm@headfont=\toks21
\thm@notefont=\toks22
\thm@headpunct=\toks23
\thm@preskip=\skip48
\thm@postskip=\skip49
\thm@headsep=\skip50
\dth@everypar=\toks24
) (./bussproofs.sty
Proof Tree (bussproofs) style macros. Version 0.8.
\theLevel=\count99
\myMaxLevel=\count100
\myBoxA=\box29
\myBoxB=\box30
\myBoxC=\box31
\myBoxD=\box32
\myBoxLL=\box33
\myBoxRL=\box34
\thisAboveSkip=\dimen114
\thisBelowSkip=\dimen115
\newScoreStart=\dimen116
\newScoreEnd=\dimen117
\newCenter=\dimen118
\displace=\dimen119
\leftLowerAmt=\dimen120
\rightLowerAmt=\dimen121
\scoreHeight=\dimen122
\scoreDepth=\dimen123
) (./main.aux)
\openout1 = `main.aux'.

LaTeX Font Info:    Checking defaults for OML/cmm/m/it on input line 27.
LaTeX Font Info:    ... okay on input line 27.
LaTeX Font Info:    Checking defaults for T1/cmr/m/n on input line 27.
LaTeX Font Info:    ... okay on input line 27.
LaTeX Font Info:    Checking defaults for OT1/cmr/m/n on input line 27.
LaTeX Font Info:    ... okay on input line 27.
LaTeX Font Info:    Checking defaults for OMS/cmsy/m/n on input line 27.
LaTeX Font Info:    ... okay on input line 27.
LaTeX Font Info:    Checking defaults for OMX/cmex/m/n on input line 27.
LaTeX Font Info:    ... okay on input line 27.
LaTeX Font Info:    Checking defaults for U/cmr/m/n on input line 27.
LaTeX Font Info:    ... okay on input line 27.
LaTeX Font Info:    External font `cmex10' loaded for size
(Font)              <8> on input line 27.
LaTeX Font Info:    External font `cmex10' loaded for size
(Font)              <6> on input line 27.
LaTeX Font Info:    External font `cmex10' loaded for size
(Font)              <5> on input line 27.
\myBox1=\box35
\myScoreStart1=\dimen124
\myCenter1=\dimen125
\myScoreEnd1=\dimen126
LaTeX Font Info:    External font `cmex10' loaded for size
(Font)              <7> on input line 195.
\myBox2=\box36
\myScoreStart2=\dimen127
\myCenter2=\dimen128
\myScoreEnd2=\dimen129

Overfull \hbox (13.46664pt too wide) in paragraph at lines 195--196
 [][] 
 []

[1]
Overfull \hbox (13.46664pt too wide) in paragraph at lines 415--416
 [][] 
 []

[2] [3]
Overfull \hbox (7.4968pt too wide) in paragraph at lines 649--649
[]      \OT1/cmtt/m/n/10 ;:thesis:Even (S (S O)).<;:th:Even (S (S O)).<ES||?1.2
>||thesis>[] 
 []


Overfull \hbox (38.99652pt too wide) in paragraph at lines 649--649
[]      \OT1/cmtt/m/n/10 ;:thesis:Even (S (S O)).<;:th:Even (S (S O)).<ES||S O*
?1.2.1>||thesis>[] 
 []


Underfull \vbox (badness 10000) has occurred while \output is active []

 [4]
Overfull \hbox (96.74602pt too wide) in paragraph at lines 649--649
[]      \OT1/cmtt/m/n/10 ;:thesis:Even (S (S O)).<;:th:Even (S (S O)).<ES||S O*
?1.2.1.1*?1.2.1.2>||thesis>[] 
 []


Overfull \hbox (238.49478pt too wide) in paragraph at lines 649--649
[]      \OT1/cmtt/m/n/10 ;:thesis:Even (S (S O)).<;:th:Even (S (S O)).<ES||S O*
;:th:Odd (S O).<OS||O*?1.2.1.1.2.1>*?1.2.1.2>||thesis>[] 
 []


Underfull \vbox (badness 10000) has occurred while \output is active []

 [5]
Overfull \hbox (296.24428pt too wide) in paragraph at lines 649--649
[]      \OT1/cmtt/m/n/10 ;:thesis:Even (S (S O)).<;:th:Even (S (S O)).<ES||S O*
;:th:Odd (S O).<OS||O*;:th:Even O.<EO||th>*th>*?1.2.1.2>||thesis>[] 
 []


Overfull \hbox (264.74455pt too wide) in paragraph at lines 649--649
[]      \OT1/cmtt/m/n/10 ;:thesis:Even (S (S O)).<;:th:Even (S (S O)).<ES||S O*
;:th:Odd (S O).<OS||O*;:th:Even O.<EO||th>*th>*th>||thesis>[] 
 []


Underfull \vbox (badness 10000) has occurred while \output is active []

 [6]
(./main.bbl) [7] (./main.aux) ) 
Here is how much of TeX's memory you used:
 1460 strings out of 95847
 15517 string characters out of 1195948
 73756 words of memory out of 1000001
 4268 multiletter control sequences out of 10000+50000
 10799 words of font info for 41 fonts, out of 500000 for 1000
 175 hyphenation exceptions out of 1000
 34i,9n,32p,237b,393s stack positions out of 1500i,500n,5000p,200000b,5000s

Output written on main.dvi (7 pages, 17348 bytes).
